<?xml version="1.0" encoding="UTF-8"?>
<!-- Generated by org.testng.reporters.JUnitReportReporter -->
<testsuite hostname="Pravin-PC" name="freeCrm.TestCase.Reg_Test" tests="2" failures="0" timestamp="17 Jul 2019 07:10:00 GMT" time="80.949" errors="0">
  <testcase name="createNewUser_Test" time="44.435" classname="freeCrm.TestCase.Reg_Test"/>
  <testcase name="createNewUser_Test" time="36.514" classname="freeCrm.TestCase.Reg_Test"/>
</testsuite> <!-- freeCrm.TestCase.Reg_Test -->
